-------------------------------------------------------------------------------
Test set: core.JUnitParameterizationHW40.PrimeNumberCheckerTest
-------------------------------------------------------------------------------
Tests run: 1, Failures: 1, Errors: 0, Skipped: 0, Time elapsed: 0.009 sec <<< FAILURE!
core.JUnitParameterizationHW40.PrimeNumberCheckerTest.testPrimeNumberChecker()  Time elapsed: 0.007 sec  <<< FAILURE!
java.lang.NullPointerException
	at core.JUnitParameterizationHW40.PrimeNumberCheckerTest.testPrimeNumberChecker(PrimeNumberCheckerTest.java:147)

