<?xml version="1.0" encoding="UTF-8" ?>
<testsuite tests="5" failures="0" name="core.JUnitParameterizationH_W40.AllTests" time="0.009" errors="0" skipped="0">
  <properties>
[...]
</properties>
  <testcase classname="core.JUnitParameterizationH_W40.PrimeNumberCheckerTest" name="testPrimeNumberChecker[Iteration # 0: Number: 1; isPrime? true]" time="0.007"/>
  <testcase classname="core.JUnitParameterizationH_W40.PrimeNumberCheckerTest" name="testPrimeNumberChecker[Iteration # 1: Number: 2; isPrime? true]" time="0.001"/>
  <testcase classname="core.JUnitParameterizationH_W40.PrimeNumberCheckerTest" name="testPrimeNumberChecker[Iteration # 2: Number: 6; isPrime? false]" time="0"/>
  <testcase classname="core.JUnitParameterizationH_W40.PrimeNumberCheckerTest" name="testPrimeNumberChecker[Iteration # 3: Number: 19; isPrime? true]" time="0.001"/>
  <testcase classname="core.JUnitParameterizationH_W40.PrimeNumberCheckerTest" name="testPrimeNumberChecker[Iteration # 4: Number: 22; isPrime? false]" time="0"/>
</testsuite>